[Fri Nov  2 13:40:11 2012] [info] Listening at "http://*:3000".
[Fri Nov  2 13:40:15 2012] [debug] Your secret passphrase needs to be changed!!!
[Fri Nov  2 13:40:15 2012] [debug] GET / (Mozilla/5.0 (X11; Linux x86_64) AppleWebKit/537.4 (KHTML, like Gecko) Chrome/22.0.1229.94 Safari/537.4).
[Fri Nov  2 13:40:15 2012] [debug] Routing to controller "StrikeAlert::Example" and action "welcome".
[Fri Nov  2 13:40:15 2012] [debug] Rendering template "example/welcome.html.ep".
[Fri Nov  2 13:40:15 2012] [debug] Rendering template "layouts/default.html.ep".
[Fri Nov  2 13:40:15 2012] [debug] 200 OK (0.025369s, 39.418/s).
[Fri Nov  2 13:42:27 2012] [debug] Your secret passphrase needs to be changed!!!
[Fri Nov  2 13:42:27 2012] [debug] GET / (Mozilla/5.0 (X11; Linux x86_64) AppleWebKit/537.4 (KHTML, like Gecko) Chrome/22.0.1229.94 Safari/537.4).
[Fri Nov  2 13:42:27 2012] [debug] Routing to controller "StrikeAlert::Example" and action "welcome".
[Fri Nov  2 13:42:27 2012] [debug] Rendering template "example/welcome.html.ep".
[Fri Nov  2 13:42:27 2012] [debug] Rendering template "layouts/default.html.ep".
[Fri Nov  2 13:42:27 2012] [debug] 200 OK (0.029215s, 34.229/s).
[Fri Nov  2 13:47:39 2012] [debug] GET / (Mozilla/5.0 (X11; Linux x86_64) AppleWebKit/537.4 (KHTML, like Gecko) Chrome/22.0.1229.94 Safari/537.4).
[Fri Nov  2 13:47:39 2012] [debug] Routing to controller "StrikeAlert::Example" and action "welcome".
[Fri Nov  2 13:47:39 2012] [debug] Rendering cached template "example/welcome.html.ep".
[Fri Nov  2 13:47:39 2012] [debug] Rendering cached template "layouts/default.html.ep".
[Fri Nov  2 13:47:39 2012] [debug] 200 OK (0.003484s, 287.026/s).
[Fri Nov  2 13:49:11 2012] [debug] GET / (Mozilla/5.0 (X11; Linux x86_64) AppleWebKit/537.4 (KHTML, like Gecko) Chrome/22.0.1229.94 Safari/537.4).
[Fri Nov  2 13:49:11 2012] [debug] Routing to controller "StrikeAlert::Example" and action "welcome".
[Fri Nov  2 13:49:11 2012] [debug] Rendering cached template "example/welcome.html.ep".
[Fri Nov  2 13:49:11 2012] [debug] Rendering cached template "layouts/default.html.ep".
[Fri Nov  2 13:49:11 2012] [debug] 200 OK (0.003999s, 250.063/s).
[Fri Nov  2 13:51:54 2012] [debug] GET / (Mozilla/5.0 (X11; Linux x86_64) AppleWebKit/537.4 (KHTML, like Gecko) Chrome/22.0.1229.94 Safari/537.4).
[Fri Nov  2 13:51:54 2012] [debug] Routing to controller "StrikeAlert::Example" and action "welcome".
[Fri Nov  2 13:51:54 2012] [debug] Rendering cached template "example/welcome.html.ep".
[Fri Nov  2 13:51:54 2012] [debug] Rendering cached template "layouts/default.html.ep".
[Fri Nov  2 13:51:54 2012] [debug] 200 OK (0.002641s, 378.644/s).
[Fri Nov  2 14:54:02 2012] [debug] GET / (Mozilla/5.0 (X11; Linux x86_64) AppleWebKit/537.4 (KHTML, like Gecko) Chrome/22.0.1229.94 Safari/537.4).
[Fri Nov  2 14:54:02 2012] [debug] Routing to controller "StrikeAlert::Example" and action "welcome".
[Fri Nov  2 14:54:02 2012] [debug] Rendering cached template "example/welcome.html.ep".
[Fri Nov  2 14:54:02 2012] [debug] Rendering cached template "layouts/default.html.ep".
[Fri Nov  2 14:54:02 2012] [debug] 200 OK (0.003145s, 317.965/s).
[Fri Nov  2 15:17:36 2012] [debug] Your secret passphrase needs to be changed!!!
[Fri Nov  2 15:17:36 2012] [debug] GET / (Mozilla/5.0 (X11; Linux x86_64) AppleWebKit/537.4 (KHTML, like Gecko) Chrome/22.0.1229.94 Safari/537.4).
[Fri Nov  2 15:17:36 2012] [debug] Routing to controller "StrikeAlert::Example" and action "welcome".
[Fri Nov  2 15:17:36 2012] [debug] Rendering template "example/welcome.html.ep".
[Fri Nov  2 15:17:36 2012] [debug] Rendering template "layouts/default.html.ep".
[Fri Nov  2 15:17:36 2012] [debug] 200 OK (0.024738s, 40.424/s).
[Fri Nov  2 15:18:10 2012] [debug] Your secret passphrase needs to be changed!!!
[Fri Nov  2 15:18:10 2012] [debug] GET / (Mozilla/5.0 (X11; Linux x86_64) AppleWebKit/537.4 (KHTML, like Gecko) Chrome/22.0.1229.94 Safari/537.4).
[Fri Nov  2 15:18:10 2012] [debug] Routing to controller "StrikeAlert::Feed" and action "fetch".
[Fri Nov  2 15:18:10 2012] [error] Not a HASH reference at /home/wanderer/Code/perl/mojolicious/strike_alert/script/../lib/StrikeAlert/Feed.pm line 17.

[Fri Nov  2 15:18:10 2012] [debug] Template "exception.development.html.ep" not found.
[Fri Nov  2 15:18:10 2012] [debug] Template "exception.html.ep" not found.
[Fri Nov  2 15:18:10 2012] [debug] Rendering inline template.
[Fri Nov  2 15:18:10 2012] [debug] Rendering inline template.
[Fri Nov  2 15:18:10 2012] [debug] 500 Internal Server Error (0.301531s, 3.316/s).
[Fri Nov  2 15:18:31 2012] [debug] Your secret passphrase needs to be changed!!!
[Fri Nov  2 15:18:31 2012] [debug] GET / (Mozilla/5.0 (X11; Linux x86_64) AppleWebKit/537.4 (KHTML, like Gecko) Chrome/22.0.1229.94 Safari/537.4).
[Fri Nov  2 15:18:31 2012] [debug] Routing to controller "StrikeAlert::Feed" and action "fetch".
[Fri Nov  2 15:18:37 2012] [error] $VAR1 = bless( {
                 'connection' => 'adc8f0f64499c1491bf97a3c2444861e',
                 'req' => bless( {
                                   'fix' => 1,
                                   'version' => '1.1',
                                   'content' => bless( {
                                                         'headers' => bless( {
                                                                               'headers' => {
                                                                                              'user-agent' => [
                                                                                                                [
                                                                                                                  'Mojolicious (Perl)'
                                                                                                                ]
                                                                                                              ],
                                                                                              'connection' => [
                                                                                                                [
                                                                                                                  'keep-alive'
                                                                                                                ]
                                                                                                              ],
                                                                                              'content-length' => [
                                                                                                                    [
                                                                                                                      0
                                                                                                                    ]
                                                                                                                  ],
                                                                                              'host' => [
                                                                                                          [
                                                                                                            'hagreve.com'
                                                                                                          ]
                                                                                                        ]
                                                                                            }
                                                                             }, 'Mojo::Headers' ),
                                                         'events' => {
                                                                       'read' => [
                                                                                   sub { "DUMMY" }
                                                                                 ]
                                                                     },
                                                         'read' => $VAR1->{'req'}{'content'}{'events'}{'read'}[0],
                                                         'header_buffer' => 'User-Agent: Mojolicious (Perl)
Connection: keep-alive
Content-Length: 0
Host: hagreve.com

',
                                                         'asset' => bless( {
                                                                             'start_range' => 0,
                                                                             'content' => '',
                                                                             'auto_upgrade' => 1
                                                                           }, 'Mojo::Asset::Memory' )
                                                       }, 'Mojo::Content::Single' ),
                                   'state' => 'finished',
                                   'events' => {},
                                   'url' => bless( {
                                                     'fragment' => undef,
                                                     'query' => bless( {
                                                                         'params' => [],
                                                                         'charset' => 'UTF-8'
                                                                       }, 'Mojo::Parameters' ),
                                                     'path' => bless( {
                                                                        'parts' => [
                                                                                     'api',
                                                                                     'v1',
                                                                                     'strikes'
                                                                                   ],
                                                                        'trailing_slash' => undef,
                                                                        'leading_slash' => 1
                                                                      }, 'Mojo::Path' ),
                                                     'scheme' => 'http',
                                                     'host' => 'hagreve.com'
                                                   }, 'Mojo::URL' ),
                                   'method' => 'GET',
                                   'finished' => 1,
                                   'start_buffer' => 'GET /api/v1/strikes HTTP/1.1
'
                                 }, 'Mojo::Message::Request' ),
                 'local_port' => 56498,
                 'remote_port' => 80,
                 'state' => 'finished',
                 'res' => bless( {
                                   'max_line_size' => 10240,
                                   'version' => '1.1',
                                   'content' => bless( {
                                                         'headers' => bless( {
                                                                               'headers' => {
                                                                                              'connection' => [
                                                                                                                [
                                                                                                                  'keep-alive'
                                                                                                                ]
                                                                                                              ],
                                                                                              'content-type' => [
                                                                                                                  [
                                                                                                                    'application/json; charset=utf-8'
                                                                                                                  ]
                                                                                                                ],
                                                                                              'set-cookie' => [
                                                                                                                [
                                                                                                                  '__cfduid=d90b1a5fb5cd6bdb560c9359f371b8aa11351869517; expires=Mon, 23-Dec-2019 23:50:00 GMT; path=/; domain=.hagreve.com'
                                                                                                                ]
                                                                                                              ],
                                                                                              'date' => [
                                                                                                          [
                                                                                                            'Fri, 02 Nov 2012 15:18:37 GMT'
                                                                                                          ]
                                                                                                        ],
                                                                                              'vary' => [
                                                                                                          [
                                                                                                            'Authorization'
                                                                                                          ]
                                                                                                        ],
                                                                                              'content-length' => [
                                                                                                                    [
                                                                                                                      7155
                                                                                                                    ]
                                                                                                                  ],
                                                                                              'server' => [
                                                                                                            [
                                                                                                              'cloudflare-nginx'
                                                                                                            ]
                                                                                                          ]
                                                                                            },
                                                                               'normalcase' => {
                                                                                                 'vary' => 'Vary'
                                                                                               },
                                                                               'max_line_size' => 10240,
                                                                               'buffer' => '',
                                                                               'cache' => [],
                                                                               'state' => 'finished'
                                                                             }, 'Mojo::Headers' ),
                                                         'buffer' => '',
                                                         'auto_upgrade' => 1,
                                                         'header_size' => 319,
                                                         'size' => 7155,
                                                         'state' => 'finished',
                                                         'body' => 7,
                                                         'raw_size' => 7514,
                                                         'read' => $VAR1->{'req'}{'content'}{'events'}{'read'}[0],
                                                         'auto_relax' => 1,
                                                         'asset' => bless( {
                                                                             'max_memory_size' => 262144,
                                                                             'content' => '[
    {
        "description": "Greve às horas extraordinárias.", 
        "end_date": "2012-11-30 19:52:22", 
        "source_link": "http://www.agenciafinanceira.iol.pt/empresas/metro-mts-greve-maquinistas-horas-extraordinarias/1388854-1728.html", 
        "company": {
            "name": "Metro Transportes do Sul", 
            "id": 26
        }, 
        "all_day": true, 
        "id": 183, 
        "canceled": false, 
        "submitter": {
            "first_name": "", 
            "last_name": ""
        }, 
        "start_date": "2012-11-01 19:52:12"
    }, 
    {
        "description": "Greve todo o dia.\\r\\nEmpresas afectadas: Barraqueiro Oeste, Barraqueiro Alugueres, Santo António Barraqueiro, Boa Viagem, Esevel, Rodoviária da Estremadura, Frota Azul, Mafrense, Ribatejana e Rodoviária do Tejo. ", 
        "end_date": "2012-11-02 22:48:42", 
        "source_link": "http://economia.publico.pt/Noticia/greve-pode-afectar-transportes-publicos-rodoviarios-nos-distritos-de-lisboa-e-santarem-a-partir-de-sexta-1568831", 
        "company": {
            "name": "Barraqueiro Transportes", 
            "id": 30
        }, 
        "all_day": true, 
        "id": 177, 
        "canceled": false, 
        "submitter": {
            "first_name": "", 
            "last_name": ""
        }, 
        "start_date": "2012-11-01 22:48:40"
    }, 
    {
        "description": "Greve até às 10h da manhã.", 
        "end_date": "2012-11-02 22:49:26", 
        "source_link": "http://www.fectrans.pt/index.php/component/jevents/detalhesevento/44/-/greve-na-rodoviaria-do-tejo?Itemid=1", 
        "company": {
            "name": "Rodoviária do Tejo", 
            "id": 31
        }, 
        "all_day": true, 
        "id": 178, 
        "canceled": false, 
        "submitter": {
            "first_name": "", 
            "last_name": ""
        }, 
        "start_date": "2012-11-01 22:49:19"
    }, 
    {
        "description": "Greve ao trabalho extraordinário e dias de descanso.", 
        "end_date": "2012-11-07 09:53:29", 
        "source_link": "http://cp.pt/cp/displayPage.do?vgnextoid=1c341c639f984010VgnVCM1000007b01a8c0RCRD&contentId=09b2806f27b2a310VgnVCM100000be01a8c0RCRD", 
        "company": {
            "name": "CP", 
            "id": 1
        }, 
        "all_day": true, 
        "id": 170, 
        "canceled": false, 
        "submitter": {
            "first_name": "", 
            "last_name": ""
        }, 
        "start_date": "2012-11-02 09:53:29"
    }, 
    {
        "description": "Greve de 3h no final de cada turno.", 
        "end_date": "2012-11-16 19:54:10", 
        "source_link": "http://www.agenciafinanceira.iol.pt/empresas/metro-mts-greve-maquinistas-horas-extraordinarias/1388854-1728.html", 
        "company": {
            "name": "Metro Transportes do Sul", 
            "id": 26
        }, 
        "all_day": true, 
        "id": 184, 
        "canceled": false, 
        "submitter": {
            "first_name": "", 
            "last_name": ""
        }, 
        "start_date": "2012-11-12 19:54:05"
    }, 
    {
        "description": "Greve geral.", 
        "end_date": "2012-11-14 09:47:49", 
        "source_link": "http://economia.publico.pt/Noticia/cgtp-marca-greve-geral-para-14-de-novembro--1565714", 
        "company": {
            "name": "Greve Geral", 
            "id": 0
        }, 
        "all_day": true, 
        "id": 168, 
        "canceled": false, 
        "submitter": {
            "first_name": "", 
            "last_name": ""
        }, 
        "start_date": "2012-11-14 09:47:46"
    }, 
    {
        "description": "Greves no sector.", 
        "end_date": "2012-11-14 12:06:49", 
        "source_link": "http://www.cmjornal.xl.pt/detalhe/noticias/nacional/economia/greve-na-aviacao-e-aeroportos-a-14-de-novembro", 
        "company": {
            "name": "Aviação", 
            "id": 11
        }, 
        "all_day": true, 
        "id": 182, 
        "canceled": false, 
        "submitter": {
            "first_name": "", 
            "last_name": ""
        }, 
        "start_date": "2012-11-14 12:06:45"
    }, 
    {
        "description": "Greve.", 
        "end_date": "2012-11-14 19:56:43", 
        "source_link": "http://sol.sapo.pt/inicio/Sociedade/Interior.aspx?content_id=61771", 
        "company": {
            "name": "Metro de Lisboa", 
            "id": 2
        }, 
        "all_day": true, 
        "id": 185, 
        "canceled": false, 
        "submitter": {
            "first_name": "", 
            "last_name": ""
        }, 
        "start_date": "2012-11-14 19:56:37"
    }, 
    {
        "description": "Greve.", 
        "end_date": "2012-11-14 19:58:40", 
        "source_link": "http://www.cmjornal.xl.pt/detalhe/noticias/ultima-hora/stcp-aderem-a-greve-geral", 
        "company": {
            "name": "STCP", 
            "id": 9
        }, 
        "all_day": true, 
        "id": 186, 
        "canceled": false, 
        "submitter": {
            "first_name": "", 
            "last_name": ""
        }, 
        "start_date": "2012-11-14 19:58:34"
    }, 
    {
        "description": "Greves nos feriados. Empresas afectadas: Barraqueiro Oeste, Barraqueiro  Alugueres, Santo António Barraqueiro, Boa Viagem, Esevel, Rodoviária da Estremadura, Frota Azul, Mafrense e Ribatejana.", 
        "end_date": "2012-12-01 09:53:09", 
        "source_link": "http://sicnoticias.sapo.pt/economia/2012/11/01/trabalhadores-do-grupo-barraqueiro-em-greve-nos-feriados-a-partir-desta-quinta-feira", 
        "company": {
            "name": "Barraqueiro Transportes", 
            "id": 30
        }, 
        "all_day": true, 
        "id": 188, 
        "canceled": false, 
        "submitter": {
            "first_name": "", 
            "last_name": ""
        }, 
        "start_date": "2012-12-01 09:53:05"
    }, 
    {
        "description": "Greve.", 
        "end_date": "2012-12-05 09:48:00", 
        "source_link": "http://www.publico.pt/Local/trabalhadores-da-scotturb-marcam-nova-greve-para-4-e-5-de-dezembro-1569518", 
        "company": {
            "name": "SCOTTURB", 
            "id": 28
        }, 
        "all_day": true, 
        "id": 187, 
        "canceled": false, 
        "submitter": {
            "first_name": "", 
            "last_name": ""
        }, 
        "start_date": "2012-12-04 09:47:58"
    }, 
    {
        "description": "Greves nos feriados. Empresas afectadas: Barraqueiro Oeste, Barraqueiro  Alugueres, Santo António Barraqueiro, Boa Viagem, Esevel, Rodoviária da Estremadura, Frota Azul, Mafrense e Ribatejana.", 
        "end_date": "2012-12-08 09:54:33", 
        "source_link": "http://sicnoticias.sapo.pt/economia/2012/11/01/trabalhadores-do-grupo-barraqueiro-em-greve-nos-feriados-a-partir-desta-quinta-feira", 
        "company": {
            "name": "Barraqueiro Transportes", 
            "id": 30
        }, 
        "all_day": true, 
        "id": 189, 
        "canceled": false, 
        "submitter": {
            "first_name": "", 
            "last_name": ""
        }, 
        "start_date": "2012-12-08 09:54:31"
    }
]',
                                                                             'auto_upgrade' => 1
                                                                           }, 'Mojo::Asset::Memory' ),
                                                         'max_buffer_size' => 262144,
                                                         'relaxed' => 1,
                                                         'chunk_state' => 'finished',
                                                         'real_size' => 7155,
                                                         'events' => {
                                                                       'read' => [
                                                                                   $VAR1->{'req'}{'content'}{'events'}{'read'}[0]
                                                                                 ]
                                                                     }
                                                       }, 'Mojo::Content::Single' ),
                                   'state' => 'finished',
                                   'message' => 'OK',
                                   'raw_size' => 7531,
                                   'events' => {},
                                   'finished' => 2,
                                   'max_message_size' => 5242880,
                                   'code' => '200'
                                 }, 'Mojo::Message::Response' ),
                 'remote_address' => '173.245.60.192',
                 'local_address' => '192.168.1.67',
                 'events' => {
                               'resume' => [
                                             sub { "DUMMY" }
                                           ]
                             },
                 'offset' => 0,
                 'write' => 0
               }, 'Mojo::Transaction::HTTP' );

[Fri Nov  2 15:18:37 2012] [debug] Template "exception.development.html.ep" not found.
[Fri Nov  2 15:18:37 2012] [debug] Template "exception.html.ep" not found.
[Fri Nov  2 15:18:37 2012] [debug] Rendering inline template.
[Fri Nov  2 15:18:37 2012] [debug] Rendering inline template.
[Fri Nov  2 15:18:37 2012] [debug] 500 Internal Server Error (5.379153s, 0.186/s).
[Fri Nov  2 15:22:01 2012] [debug] Your secret passphrase needs to be changed!!!
[Fri Nov  2 15:22:01 2012] [debug] GET / (Mozilla/5.0 (X11; Linux x86_64) AppleWebKit/537.4 (KHTML, like Gecko) Chrome/22.0.1229.94 Safari/537.4).
[Fri Nov  2 15:22:01 2012] [debug] Routing to controller "StrikeAlert::Feed" and action "fetch".
[Fri Nov  2 15:22:01 2012] [error] $VAR1 = bless( {
                 'max_line_size' => 10240,
                 'version' => '1.1',
                 'content' => bless( {
                                       'headers' => bless( {
                                                             'headers' => {
                                                                            'connection' => [
                                                                                              [
                                                                                                'keep-alive'
                                                                                              ]
                                                                                            ],
                                                                            'content-type' => [
                                                                                                [
                                                                                                  'application/json; charset=utf-8'
                                                                                                ]
                                                                                              ],
                                                                            'set-cookie' => [
                                                                                              [
                                                                                                '__cfduid=d3d4bff872da27f3bd6e27bf860338d161351869721; expires=Mon, 23-Dec-2019 23:50:00 GMT; path=/; domain=.hagreve.com'
                                                                                              ]
                                                                                            ],
                                                                            'date' => [
                                                                                        [
                                                                                          'Fri, 02 Nov 2012 15:22:01 GMT'
                                                                                        ]
                                                                                      ],
                                                                            'vary' => [
                                                                                        [
                                                                                          'Authorization'
                                                                                        ]
                                                                                      ],
                                                                            'content-length' => [
                                                                                                  [
                                                                                                    7155
                                                                                                  ]
                                                                                                ],
                                                                            'server' => [
                                                                                          [
                                                                                            'cloudflare-nginx'
                                                                                          ]
                                                                                        ]
                                                                          },
                                                             'normalcase' => {
                                                                               'vary' => 'Vary'
                                                                             },
                                                             'max_line_size' => 10240,
                                                             'buffer' => '',
                                                             'cache' => [],
                                                             'state' => 'finished'
                                                           }, 'Mojo::Headers' ),
                                       'buffer' => '',
                                       'auto_upgrade' => 1,
                                       'header_size' => 319,
                                       'size' => 7155,
                                       'state' => 'finished',
                                       'body' => 7,
                                       'raw_size' => 7500,
                                       'read' => sub { "DUMMY" },
                                       'auto_relax' => 1,
                                       'asset' => bless( {
                                                           'max_memory_size' => 262144,
                                                           'content' => '[
    {
        "description": "Greve às horas extraordinárias.", 
        "end_date": "2012-11-30 19:52:22", 
        "source_link": "http://www.agenciafinanceira.iol.pt/empresas/metro-mts-greve-maquinistas-horas-extraordinarias/1388854-1728.html", 
        "company": {
            "name": "Metro Transportes do Sul", 
            "id": 26
        }, 
        "all_day": true, 
        "id": 183, 
        "canceled": false, 
        "submitter": {
            "first_name": "", 
            "last_name": ""
        }, 
        "start_date": "2012-11-01 19:52:12"
    }, 
    {
        "description": "Greve todo o dia.\\r\\nEmpresas afectadas: Barraqueiro Oeste, Barraqueiro Alugueres, Santo António Barraqueiro, Boa Viagem, Esevel, Rodoviária da Estremadura, Frota Azul, Mafrense, Ribatejana e Rodoviária do Tejo. ", 
        "end_date": "2012-11-02 22:48:42", 
        "source_link": "http://economia.publico.pt/Noticia/greve-pode-afectar-transportes-publicos-rodoviarios-nos-distritos-de-lisboa-e-santarem-a-partir-de-sexta-1568831", 
        "company": {
            "name": "Barraqueiro Transportes", 
            "id": 30
        }, 
        "all_day": true, 
        "id": 177, 
        "canceled": false, 
        "submitter": {
            "first_name": "", 
            "last_name": ""
        }, 
        "start_date": "2012-11-01 22:48:40"
    }, 
    {
        "description": "Greve até às 10h da manhã.", 
        "end_date": "2012-11-02 22:49:26", 
        "source_link": "http://www.fectrans.pt/index.php/component/jevents/detalhesevento/44/-/greve-na-rodoviaria-do-tejo?Itemid=1", 
        "company": {
            "name": "Rodoviária do Tejo", 
            "id": 31
        }, 
        "all_day": true, 
        "id": 178, 
        "canceled": false, 
        "submitter": {
            "first_name": "", 
            "last_name": ""
        }, 
        "start_date": "2012-11-01 22:49:19"
    }, 
    {
        "description": "Greve ao trabalho extraordinário e dias de descanso.", 
        "end_date": "2012-11-07 09:53:29", 
        "source_link": "http://cp.pt/cp/displayPage.do?vgnextoid=1c341c639f984010VgnVCM1000007b01a8c0RCRD&contentId=09b2806f27b2a310VgnVCM100000be01a8c0RCRD", 
        "company": {
            "name": "CP", 
            "id": 1
        }, 
        "all_day": true, 
        "id": 170, 
        "canceled": false, 
        "submitter": {
            "first_name": "", 
            "last_name": ""
        }, 
        "start_date": "2012-11-02 09:53:29"
    }, 
    {
        "description": "Greve de 3h no final de cada turno.", 
        "end_date": "2012-11-16 19:54:10", 
        "source_link": "http://www.agenciafinanceira.iol.pt/empresas/metro-mts-greve-maquinistas-horas-extraordinarias/1388854-1728.html", 
        "company": {
            "name": "Metro Transportes do Sul", 
            "id": 26
        }, 
        "all_day": true, 
        "id": 184, 
        "canceled": false, 
        "submitter": {
            "first_name": "", 
            "last_name": ""
        }, 
        "start_date": "2012-11-12 19:54:05"
    }, 
    {
        "description": "Greve geral.", 
        "end_date": "2012-11-14 09:47:49", 
        "source_link": "http://economia.publico.pt/Noticia/cgtp-marca-greve-geral-para-14-de-novembro--1565714", 
        "company": {
            "name": "Greve Geral", 
            "id": 0
        }, 
        "all_day": true, 
        "id": 168, 
        "canceled": false, 
        "submitter": {
            "first_name": "", 
            "last_name": ""
        }, 
        "start_date": "2012-11-14 09:47:46"
    }, 
    {
        "description": "Greves no sector.", 
        "end_date": "2012-11-14 12:06:49", 
        "source_link": "http://www.cmjornal.xl.pt/detalhe/noticias/nacional/economia/greve-na-aviacao-e-aeroportos-a-14-de-novembro", 
        "company": {
            "name": "Aviação", 
            "id": 11
        }, 
        "all_day": true, 
        "id": 182, 
        "canceled": false, 
        "submitter": {
            "first_name": "", 
            "last_name": ""
        }, 
        "start_date": "2012-11-14 12:06:45"
    }, 
    {
        "description": "Greve.", 
        "end_date": "2012-11-14 19:56:43", 
        "source_link": "http://sol.sapo.pt/inicio/Sociedade/Interior.aspx?content_id=61771", 
        "company": {
            "name": "Metro de Lisboa", 
            "id": 2
        }, 
        "all_day": true, 
        "id": 185, 
        "canceled": false, 
        "submitter": {
            "first_name": "", 
            "last_name": ""
        }, 
        "start_date": "2012-11-14 19:56:37"
    }, 
    {
        "description": "Greve.", 
        "end_date": "2012-11-14 19:58:40", 
        "source_link": "http://www.cmjornal.xl.pt/detalhe/noticias/ultima-hora/stcp-aderem-a-greve-geral", 
        "company": {
            "name": "STCP", 
            "id": 9
        }, 
        "all_day": true, 
        "id": 186, 
        "canceled": false, 
        "submitter": {
            "first_name": "", 
            "last_name": ""
        }, 
        "start_date": "2012-11-14 19:58:34"
    }, 
    {
        "description": "Greves nos feriados. Empresas afectadas: Barraqueiro Oeste, Barraqueiro  Alugueres, Santo António Barraqueiro, Boa Viagem, Esevel, Rodoviária da Estremadura, Frota Azul, Mafrense e Ribatejana.", 
        "end_date": "2012-12-01 09:53:09", 
        "source_link": "http://sicnoticias.sapo.pt/economia/2012/11/01/trabalhadores-do-grupo-barraqueiro-em-greve-nos-feriados-a-partir-desta-quinta-feira", 
        "company": {
            "name": "Barraqueiro Transportes", 
            "id": 30
        }, 
        "all_day": true, 
        "id": 188, 
        "canceled": false, 
        "submitter": {
            "first_name": "", 
            "last_name": ""
        }, 
        "start_date": "2012-12-01 09:53:05"
    }, 
    {
        "description": "Greve.", 
        "end_date": "2012-12-05 09:48:00", 
        "source_link": "http://www.publico.pt/Local/trabalhadores-da-scotturb-marcam-nova-greve-para-4-e-5-de-dezembro-1569518", 
        "company": {
            "name": "SCOTTURB", 
            "id": 28
        }, 
        "all_day": true, 
        "id": 187, 
        "canceled": false, 
        "submitter": {
            "first_name": "", 
            "last_name": ""
        }, 
        "start_date": "2012-12-04 09:47:58"
    }, 
    {
        "description": "Greves nos feriados. Empresas afectadas: Barraqueiro Oeste, Barraqueiro  Alugueres, Santo António Barraqueiro, Boa Viagem, Esevel, Rodoviária da Estremadura, Frota Azul, Mafrense e Ribatejana.", 
        "end_date": "2012-12-08 09:54:33", 
        "source_link": "http://sicnoticias.sapo.pt/economia/2012/11/01/trabalhadores-do-grupo-barraqueiro-em-greve-nos-feriados-a-partir-desta-quinta-feira", 
        "company": {
            "name": "Barraqueiro Transportes", 
            "id": 30
        }, 
        "all_day": true, 
        "id": 189, 
        "canceled": false, 
        "submitter": {
            "first_name": "", 
            "last_name": ""
        }, 
        "start_date": "2012-12-08 09:54:31"
    }
]',
                                                           'auto_upgrade' => 1
                                                         }, 'Mojo::Asset::Memory' ),
                                       'max_buffer_size' => 262144,
                                       'relaxed' => 1,
                                       'chunk_state' => 'finished',
                                       'real_size' => 7155,
                                       'events' => {
                                                     'read' => [
                                                                 $VAR1->{'content'}{'read'}
                                                               ]
                                                   }
                                     }, 'Mojo::Content::Single' ),
                 'state' => 'finished',
                 'message' => 'OK',
                 'raw_size' => 7517,
                 'events' => {},
                 'finished' => 2,
                 'max_message_size' => 5242880,
                 'code' => '200'
               }, 'Mojo::Message::Response' );

[Fri Nov  2 15:22:01 2012] [debug] Template "exception.development.html.ep" not found.
[Fri Nov  2 15:22:01 2012] [debug] Template "exception.html.ep" not found.
[Fri Nov  2 15:22:01 2012] [debug] Rendering inline template.
[Fri Nov  2 15:22:01 2012] [debug] Rendering inline template.
[Fri Nov  2 15:22:01 2012] [debug] 500 Internal Server Error (0.393114s, 2.544/s).
[Fri Nov  2 15:22:22 2012] [debug] Your secret passphrase needs to be changed!!!
[Fri Nov  2 15:22:22 2012] [debug] GET / (Mozilla/5.0 (X11; Linux x86_64) AppleWebKit/537.4 (KHTML, like Gecko) Chrome/22.0.1229.94 Safari/537.4).
[Fri Nov  2 15:22:22 2012] [debug] Routing to controller "StrikeAlert::Feed" and action "fetch".
[Fri Nov  2 15:22:23 2012] [error] $VAR1 = [
          {
            'source_link' => 'http://www.agenciafinanceira.iol.pt/empresas/metro-mts-greve-maquinistas-horas-extraordinarias/1388854-1728.html',
            'description' => "Greve \x{e0}s horas extraordin\x{e1}rias.",
            'end_date' => '2012-11-30 19:52:22',
            'all_day' => bless( do{\(my $o = 1)}, 'Mojo::JSON::_Bool' ),
            'start_date' => '2012-11-01 19:52:12',
            'id' => '183',
            'company' => {
                         'name' => 'Metro Transportes do Sul',
                         'id' => '26'
                       },
            'canceled' => bless( do{\(my $o = 0)}, 'Mojo::JSON::_Bool' ),
            'submitter' => {
                           'last_name' => '',
                           'first_name' => ''
                         }
          },
          {
            'source_link' => 'http://economia.publico.pt/Noticia/greve-pode-afectar-transportes-publicos-rodoviarios-nos-distritos-de-lisboa-e-santarem-a-partir-de-sexta-1568831',
            'description' => "Greve todo o dia.
Empresas afectadas: Barraqueiro Oeste, Barraqueiro Alugueres, Santo Ant\x{f3}nio Barraqueiro, Boa Viagem, Esevel, Rodovi\x{e1}ria da Estremadura, Frota Azul, Mafrense, Ribatejana e Rodovi\x{e1}ria do Tejo. ",
            'end_date' => '2012-11-02 22:48:42',
            'all_day' => $VAR1->[0]{'all_day'},
            'start_date' => '2012-11-01 22:48:40',
            'id' => '177',
            'company' => {
                         'name' => 'Barraqueiro Transportes',
                         'id' => '30'
                       },
            'canceled' => $VAR1->[0]{'canceled'},
            'submitter' => {
                           'last_name' => '',
                           'first_name' => ''
                         }
          },
          {
            'source_link' => 'http://www.fectrans.pt/index.php/component/jevents/detalhesevento/44/-/greve-na-rodoviaria-do-tejo?Itemid=1',
            'description' => "Greve at\x{e9} \x{e0}s 10h da manh\x{e3}.",
            'end_date' => '2012-11-02 22:49:26',
            'all_day' => $VAR1->[0]{'all_day'},
            'start_date' => '2012-11-01 22:49:19',
            'id' => '178',
            'company' => {
                         'name' => "Rodovi\x{e1}ria do Tejo",
                         'id' => '31'
                       },
            'canceled' => $VAR1->[0]{'canceled'},
            'submitter' => {
                           'last_name' => '',
                           'first_name' => ''
                         }
          },
          {
            'source_link' => 'http://cp.pt/cp/displayPage.do?vgnextoid=1c341c639f984010VgnVCM1000007b01a8c0RCRD&contentId=09b2806f27b2a310VgnVCM100000be01a8c0RCRD',
            'description' => "Greve ao trabalho extraordin\x{e1}rio e dias de descanso.",
            'end_date' => '2012-11-07 09:53:29',
            'all_day' => $VAR1->[0]{'all_day'},
            'start_date' => '2012-11-02 09:53:29',
            'id' => '170',
            'company' => {
                         'name' => 'CP',
                         'id' => '1'
                       },
            'canceled' => $VAR1->[0]{'canceled'},
            'submitter' => {
                           'last_name' => '',
                           'first_name' => ''
                         }
          },
          {
            'source_link' => 'http://www.agenciafinanceira.iol.pt/empresas/metro-mts-greve-maquinistas-horas-extraordinarias/1388854-1728.html',
            'description' => 'Greve de 3h no final de cada turno.',
            'end_date' => '2012-11-16 19:54:10',
            'all_day' => $VAR1->[0]{'all_day'},
            'start_date' => '2012-11-12 19:54:05',
            'id' => '184',
            'company' => {
                         'name' => 'Metro Transportes do Sul',
                         'id' => '26'
                       },
            'canceled' => $VAR1->[0]{'canceled'},
            'submitter' => {
                           'last_name' => '',
                           'first_name' => ''
                         }
          },
          {
            'source_link' => 'http://economia.publico.pt/Noticia/cgtp-marca-greve-geral-para-14-de-novembro--1565714',
            'description' => 'Greve geral.',
            'end_date' => '2012-11-14 09:47:49',
            'all_day' => $VAR1->[0]{'all_day'},
            'start_date' => '2012-11-14 09:47:46',
            'id' => '168',
            'company' => {
                         'name' => 'Greve Geral',
                         'id' => '0'
                       },
            'canceled' => $VAR1->[0]{'canceled'},
            'submitter' => {
                           'last_name' => '',
                           'first_name' => ''
                         }
          },
          {
            'source_link' => 'http://www.cmjornal.xl.pt/detalhe/noticias/nacional/economia/greve-na-aviacao-e-aeroportos-a-14-de-novembro',
            'description' => 'Greves no sector.',
            'end_date' => '2012-11-14 12:06:49',
            'all_day' => $VAR1->[0]{'all_day'},
            'start_date' => '2012-11-14 12:06:45',
            'id' => '182',
            'company' => {
                         'name' => "Avia\x{e7}\x{e3}o",
                         'id' => '11'
                       },
            'canceled' => $VAR1->[0]{'canceled'},
            'submitter' => {
                           'last_name' => '',
                           'first_name' => ''
                         }
          },
          {
            'source_link' => 'http://sol.sapo.pt/inicio/Sociedade/Interior.aspx?content_id=61771',
            'description' => 'Greve.',
            'end_date' => '2012-11-14 19:56:43',
            'all_day' => $VAR1->[0]{'all_day'},
            'start_date' => '2012-11-14 19:56:37',
            'id' => '185',
            'company' => {
                         'name' => 'Metro de Lisboa',
                         'id' => '2'
                       },
            'canceled' => $VAR1->[0]{'canceled'},
            'submitter' => {
                           'last_name' => '',
                           'first_name' => ''
                         }
          },
          {
            'source_link' => 'http://www.cmjornal.xl.pt/detalhe/noticias/ultima-hora/stcp-aderem-a-greve-geral',
            'description' => 'Greve.',
            'end_date' => '2012-11-14 19:58:40',
            'all_day' => $VAR1->[0]{'all_day'},
            'start_date' => '2012-11-14 19:58:34',
            'id' => '186',
            'company' => {
                         'name' => 'STCP',
                         'id' => '9'
                       },
            'canceled' => $VAR1->[0]{'canceled'},
            'submitter' => {
                           'last_name' => '',
                           'first_name' => ''
                         }
          },
          {
            'source_link' => 'http://sicnoticias.sapo.pt/economia/2012/11/01/trabalhadores-do-grupo-barraqueiro-em-greve-nos-feriados-a-partir-desta-quinta-feira',
            'description' => "Greves nos feriados. Empresas afectadas: Barraqueiro Oeste, Barraqueiro  Alugueres, Santo Ant\x{f3}nio Barraqueiro, Boa Viagem, Esevel, Rodovi\x{e1}ria da Estremadura, Frota Azul, Mafrense e Ribatejana.",
            'end_date' => '2012-12-01 09:53:09',
            'all_day' => $VAR1->[0]{'all_day'},
            'start_date' => '2012-12-01 09:53:05',
            'id' => '188',
            'company' => {
                         'name' => 'Barraqueiro Transportes',
                         'id' => '30'
                       },
            'canceled' => $VAR1->[0]{'canceled'},
            'submitter' => {
                           'last_name' => '',
                           'first_name' => ''
                         }
          },
          {
            'source_link' => 'http://www.publico.pt/Local/trabalhadores-da-scotturb-marcam-nova-greve-para-4-e-5-de-dezembro-1569518',
            'description' => 'Greve.',
            'end_date' => '2012-12-05 09:48:00',
            'all_day' => $VAR1->[0]{'all_day'},
            'start_date' => '2012-12-04 09:47:58',
            'id' => '187',
            'company' => {
                         'name' => 'SCOTTURB',
                         'id' => '28'
                       },
            'canceled' => $VAR1->[0]{'canceled'},
            'submitter' => {
                           'last_name' => '',
                           'first_name' => ''
                         }
          },
          {
            'source_link' => 'http://sicnoticias.sapo.pt/economia/2012/11/01/trabalhadores-do-grupo-barraqueiro-em-greve-nos-feriados-a-partir-desta-quinta-feira',
            'description' => "Greves nos feriados. Empresas afectadas: Barraqueiro Oeste, Barraqueiro  Alugueres, Santo Ant\x{f3}nio Barraqueiro, Boa Viagem, Esevel, Rodovi\x{e1}ria da Estremadura, Frota Azul, Mafrense e Ribatejana.",
            'end_date' => '2012-12-08 09:54:33',
            'all_day' => $VAR1->[0]{'all_day'},
            'start_date' => '2012-12-08 09:54:31',
            'id' => '189',
            'company' => {
                         'name' => 'Barraqueiro Transportes',
                         'id' => '30'
                       },
            'canceled' => $VAR1->[0]{'canceled'},
            'submitter' => {
                           'last_name' => '',
                           'first_name' => ''
                         }
          }
        ];

[Fri Nov  2 15:22:23 2012] [debug] Template "exception.development.html.ep" not found.
[Fri Nov  2 15:22:23 2012] [debug] Template "exception.html.ep" not found.
[Fri Nov  2 15:22:23 2012] [debug] Rendering inline template.
[Fri Nov  2 15:22:23 2012] [debug] Rendering inline template.
[Fri Nov  2 15:22:23 2012] [debug] 500 Internal Server Error (1.372672s, 0.729/s).
[Fri Nov  2 15:24:49 2012] [debug] Your secret passphrase needs to be changed!!!
[Fri Nov  2 15:24:49 2012] [debug] GET / (Mozilla/5.0 (X11; Linux x86_64) AppleWebKit/537.4 (KHTML, like Gecko) Chrome/22.0.1229.94 Safari/537.4).
[Fri Nov  2 15:24:49 2012] [error] Global symbol "$strile" requires explicit package name at /home/wanderer/Code/perl/mojolicious/strike_alert/script/../lib/StrikeAlert/Feed.pm line 21.
Compilation failed in require at (eval 245) line 1.

[Fri Nov  2 15:24:49 2012] [debug] Template "exception.development.html.ep" not found.
[Fri Nov  2 15:24:49 2012] [debug] Template "exception.html.ep" not found.
[Fri Nov  2 15:24:49 2012] [debug] Rendering inline template.
[Fri Nov  2 15:24:49 2012] [debug] Rendering inline template.
[Fri Nov  2 15:24:49 2012] [debug] 500 Internal Server Error (0.037896s, 26.388/s).
[Fri Nov  2 15:24:58 2012] [debug] Your secret passphrase needs to be changed!!!
[Fri Nov  2 15:24:58 2012] [debug] GET / (Mozilla/5.0 (X11; Linux x86_64) AppleWebKit/537.4 (KHTML, like Gecko) Chrome/22.0.1229.94 Safari/537.4).
[Fri Nov  2 15:24:58 2012] [debug] Routing to controller "StrikeAlert::Feed" and action "fetch".
[Fri Nov  2 15:25:11 2012] [debug] Template "feed/fetch.html.ep" not found.
[Fri Nov  2 15:25:11 2012] [debug] Nothing has been rendered, expecting delayed response.
[Fri Nov  2 15:25:13 2012] [debug] Inactivity timeout.
[Fri Nov  2 15:25:17 2012] [debug] GET / (Mozilla/5.0 (X11; Linux x86_64) AppleWebKit/537.4 (KHTML, like Gecko) Chrome/22.0.1229.94 Safari/537.4).
[Fri Nov  2 15:25:17 2012] [debug] Routing to controller "StrikeAlert::Feed" and action "fetch".
[Fri Nov  2 15:25:18 2012] [debug] Template "feed/fetch.html.ep" not found.
[Fri Nov  2 15:25:18 2012] [debug] Nothing has been rendered, expecting delayed response.
[Fri Nov  2 15:25:33 2012] [debug] Inactivity timeout.
[Fri Nov  2 15:30:20 2012] [debug] Your secret passphrase needs to be changed!!!
[Fri Nov  2 15:30:20 2012] [debug] GET / (Mozilla/5.0 (X11; Linux x86_64) AppleWebKit/537.4 (KHTML, like Gecko) Chrome/22.0.1229.94 Safari/537.4).
[Fri Nov  2 15:30:20 2012] [debug] Routing to controller "StrikeAlert::Feed" and action "fetch".
[Fri Nov  2 15:30:21 2012] [error] $VAR1 = [
          {
            'source_link' => 'http://www.agenciafinanceira.iol.pt/empresas/metro-mts-greve-maquinistas-horas-extraordinarias/1388854-1728.html',
            'description' => "Greve \x{e0}s horas extraordin\x{e1}rias.",
            'end_date' => '2012-11-30 19:52:22',
            'all_day' => bless( do{\(my $o = 1)}, 'Mojo::JSON::_Bool' ),
            'start_date' => '2012-11-01 19:52:12',
            'id' => '183',
            'company' => {
                         'name' => 'Metro Transportes do Sul',
                         'id' => '26'
                       },
            'canceled' => bless( do{\(my $o = 0)}, 'Mojo::JSON::_Bool' ),
            'submitter' => {
                           'last_name' => '',
                           'first_name' => ''
                         }
          },
          {
            'source_link' => 'http://economia.publico.pt/Noticia/greve-pode-afectar-transportes-publicos-rodoviarios-nos-distritos-de-lisboa-e-santarem-a-partir-de-sexta-1568831',
            'description' => "Greve todo o dia.
Empresas afectadas: Barraqueiro Oeste, Barraqueiro Alugueres, Santo Ant\x{f3}nio Barraqueiro, Boa Viagem, Esevel, Rodovi\x{e1}ria da Estremadura, Frota Azul, Mafrense, Ribatejana e Rodovi\x{e1}ria do Tejo. ",
            'end_date' => '2012-11-02 22:48:42',
            'all_day' => $VAR1->[0]{'all_day'},
            'start_date' => '2012-11-01 22:48:40',
            'id' => '177',
            'company' => {
                         'name' => 'Barraqueiro Transportes',
                         'id' => '30'
                       },
            'canceled' => $VAR1->[0]{'canceled'},
            'submitter' => {
                           'last_name' => '',
                           'first_name' => ''
                         }
          },
          {
            'source_link' => 'http://www.fectrans.pt/index.php/component/jevents/detalhesevento/44/-/greve-na-rodoviaria-do-tejo?Itemid=1',
            'description' => "Greve at\x{e9} \x{e0}s 10h da manh\x{e3}.",
            'end_date' => '2012-11-02 22:49:26',
            'all_day' => $VAR1->[0]{'all_day'},
            'start_date' => '2012-11-01 22:49:19',
            'id' => '178',
            'company' => {
                         'name' => "Rodovi\x{e1}ria do Tejo",
                         'id' => '31'
                       },
            'canceled' => $VAR1->[0]{'canceled'},
            'submitter' => {
                           'last_name' => '',
                           'first_name' => ''
                         }
          },
          {
            'source_link' => 'http://cp.pt/cp/displayPage.do?vgnextoid=1c341c639f984010VgnVCM1000007b01a8c0RCRD&contentId=09b2806f27b2a310VgnVCM100000be01a8c0RCRD',
            'description' => "Greve ao trabalho extraordin\x{e1}rio e dias de descanso.",
            'end_date' => '2012-11-07 09:53:29',
            'all_day' => $VAR1->[0]{'all_day'},
            'start_date' => '2012-11-02 09:53:29',
            'id' => '170',
            'company' => {
                         'name' => 'CP',
                         'id' => '1'
                       },
            'canceled' => $VAR1->[0]{'canceled'},
            'submitter' => {
                           'last_name' => '',
                           'first_name' => ''
                         }
          },
          {
            'source_link' => 'http://www.agenciafinanceira.iol.pt/empresas/metro-mts-greve-maquinistas-horas-extraordinarias/1388854-1728.html',
            'description' => 'Greve de 3h no final de cada turno.',
            'end_date' => '2012-11-16 19:54:10',
            'all_day' => $VAR1->[0]{'all_day'},
            'start_date' => '2012-11-12 19:54:05',
            'id' => '184',
            'company' => {
                         'name' => 'Metro Transportes do Sul',
                         'id' => '26'
                       },
            'canceled' => $VAR1->[0]{'canceled'},
            'submitter' => {
                           'last_name' => '',
                           'first_name' => ''
                         }
          },
          {
            'source_link' => 'http://economia.publico.pt/Noticia/cgtp-marca-greve-geral-para-14-de-novembro--1565714',
            'description' => 'Greve geral.',
            'end_date' => '2012-11-14 09:47:49',
            'all_day' => $VAR1->[0]{'all_day'},
            'start_date' => '2012-11-14 09:47:46',
            'id' => '168',
            'company' => {
                         'name' => 'Greve Geral',
                         'id' => '0'
                       },
            'canceled' => $VAR1->[0]{'canceled'},
            'submitter' => {
                           'last_name' => '',
                           'first_name' => ''
                         }
          },
          {
            'source_link' => 'http://www.cmjornal.xl.pt/detalhe/noticias/nacional/economia/greve-na-aviacao-e-aeroportos-a-14-de-novembro',
            'description' => 'Greves no sector.',
            'end_date' => '2012-11-14 12:06:49',
            'all_day' => $VAR1->[0]{'all_day'},
            'start_date' => '2012-11-14 12:06:45',
            'id' => '182',
            'company' => {
                         'name' => "Avia\x{e7}\x{e3}o",
                         'id' => '11'
                       },
            'canceled' => $VAR1->[0]{'canceled'},
            'submitter' => {
                           'last_name' => '',
                           'first_name' => ''
                         }
          },
          {
            'source_link' => 'http://sol.sapo.pt/inicio/Sociedade/Interior.aspx?content_id=61771',
            'description' => 'Greve.',
            'end_date' => '2012-11-14 19:56:43',
            'all_day' => $VAR1->[0]{'all_day'},
            'start_date' => '2012-11-14 19:56:37',
            'id' => '185',
            'company' => {
                         'name' => 'Metro de Lisboa',
                         'id' => '2'
                       },
            'canceled' => $VAR1->[0]{'canceled'},
            'submitter' => {
                           'last_name' => '',
                           'first_name' => ''
                         }
          },
          {
            'source_link' => 'http://www.cmjornal.xl.pt/detalhe/noticias/ultima-hora/stcp-aderem-a-greve-geral',
            'description' => 'Greve.',
            'end_date' => '2012-11-14 19:58:40',
            'all_day' => $VAR1->[0]{'all_day'},
            'start_date' => '2012-11-14 19:58:34',
            'id' => '186',
            'company' => {
                         'name' => 'STCP',
                         'id' => '9'
                       },
            'canceled' => $VAR1->[0]{'canceled'},
            'submitter' => {
                           'last_name' => '',
                           'first_name' => ''
                         }
          },
          {
            'source_link' => 'http://sicnoticias.sapo.pt/economia/2012/11/01/trabalhadores-do-grupo-barraqueiro-em-greve-nos-feriados-a-partir-desta-quinta-feira',
            'description' => "Greves nos feriados. Empresas afectadas: Barraqueiro Oeste, Barraqueiro  Alugueres, Santo Ant\x{f3}nio Barraqueiro, Boa Viagem, Esevel, Rodovi\x{e1}ria da Estremadura, Frota Azul, Mafrense e Ribatejana.",
            'end_date' => '2012-12-01 09:53:09',
            'all_day' => $VAR1->[0]{'all_day'},
            'start_date' => '2012-12-01 09:53:05',
            'id' => '188',
            'company' => {
                         'name' => 'Barraqueiro Transportes',
                         'id' => '30'
                       },
            'canceled' => $VAR1->[0]{'canceled'},
            'submitter' => {
                           'last_name' => '',
                           'first_name' => ''
                         }
          },
          {
            'source_link' => 'http://www.publico.pt/Local/trabalhadores-da-scotturb-marcam-nova-greve-para-4-e-5-de-dezembro-1569518',
            'description' => 'Greve.',
            'end_date' => '2012-12-05 09:48:00',
            'all_day' => $VAR1->[0]{'all_day'},
            'start_date' => '2012-12-04 09:47:58',
            'id' => '187',
            'company' => {
                         'name' => 'SCOTTURB',
                         'id' => '28'
                       },
            'canceled' => $VAR1->[0]{'canceled'},
            'submitter' => {
                           'last_name' => '',
                           'first_name' => ''
                         }
          },
          {
            'source_link' => 'http://sicnoticias.sapo.pt/economia/2012/11/01/trabalhadores-do-grupo-barraqueiro-em-greve-nos-feriados-a-partir-desta-quinta-feira',
            'description' => "Greves nos feriados. Empresas afectadas: Barraqueiro Oeste, Barraqueiro  Alugueres, Santo Ant\x{f3}nio Barraqueiro, Boa Viagem, Esevel, Rodovi\x{e1}ria da Estremadura, Frota Azul, Mafrense e Ribatejana.",
            'end_date' => '2012-12-08 09:54:33',
            'all_day' => $VAR1->[0]{'all_day'},
            'start_date' => '2012-12-08 09:54:31',
            'id' => '189',
            'company' => {
                         'name' => 'Barraqueiro Transportes',
                         'id' => '30'
                       },
            'canceled' => $VAR1->[0]{'canceled'},
            'submitter' => {
                           'last_name' => '',
                           'first_name' => ''
                         }
          }
        ];

[Fri Nov  2 15:30:21 2012] [debug] Template "exception.development.html.ep" not found.
[Fri Nov  2 15:30:21 2012] [debug] Template "exception.html.ep" not found.
[Fri Nov  2 15:30:21 2012] [debug] Rendering inline template.
[Fri Nov  2 15:30:21 2012] [debug] Rendering inline template.
[Fri Nov  2 15:30:21 2012] [debug] 500 Internal Server Error (0.909168s, 1.100/s).
[Fri Nov  2 15:30:44 2012] [debug] Your secret passphrase needs to be changed!!!
[Fri Nov  2 15:30:44 2012] [debug] GET / (Mozilla/5.0 (X11; Linux x86_64) AppleWebKit/537.4 (KHTML, like Gecko) Chrome/22.0.1229.94 Safari/537.4).
[Fri Nov  2 15:30:44 2012] [debug] Routing to controller "StrikeAlert::Feed" and action "fetch".
[Fri Nov  2 15:30:47 2012] [error] $VAR1 = {
          'source_link' => 'http://www.agenciafinanceira.iol.pt/empresas/metro-mts-greve-maquinistas-horas-extraordinarias/1388854-1728.html',
          'description' => "Greve \x{e0}s horas extraordin\x{e1}rias.",
          'end_date' => '2012-11-30 19:52:22',
          'all_day' => bless( do{\(my $o = 1)}, 'Mojo::JSON::_Bool' ),
          'start_date' => '2012-11-01 19:52:12',
          'id' => '183',
          'company' => {
                       'name' => 'Metro Transportes do Sul',
                       'id' => '26'
                     },
          'canceled' => bless( do{\(my $o = 0)}, 'Mojo::JSON::_Bool' ),
          'submitter' => {
                         'last_name' => '',
                         'first_name' => ''
                       }
        };

[Fri Nov  2 15:30:47 2012] [debug] Template "exception.development.html.ep" not found.
[Fri Nov  2 15:30:47 2012] [debug] Template "exception.html.ep" not found.
[Fri Nov  2 15:30:47 2012] [debug] Rendering inline template.
[Fri Nov  2 15:30:47 2012] [debug] Rendering inline template.
[Fri Nov  2 15:30:47 2012] [debug] 500 Internal Server Error (3.347809s, 0.299/s).
[Fri Nov  2 15:38:21 2012] [debug] Your secret passphrase needs to be changed!!!
[Fri Nov  2 15:38:21 2012] [debug] GET / (Mozilla/5.0 (X11; Linux x86_64) AppleWebKit/537.4 (KHTML, like Gecko) Chrome/22.0.1229.94 Safari/537.4).
[Fri Nov  2 15:38:21 2012] [debug] Routing to controller "StrikeAlert::Feed" and action "fetch".
[Fri Nov  2 15:38:22 2012] [debug] Template "feed/fetch.html.ep" not found.
[Fri Nov  2 15:38:22 2012] [debug] Nothing has been rendered, expecting delayed response.
[Fri Nov  2 15:38:36 2012] [debug] Inactivity timeout.
[Fri Nov  2 17:26:13 2012] [debug] GET / (Mozilla/5.0 (X11; Linux x86_64) AppleWebKit/537.4 (KHTML, like Gecko) Chrome/22.0.1229.94 Safari/537.4).
[Fri Nov  2 17:26:13 2012] [debug] Routing to controller "StrikeAlert::Feed" and action "fetch".
[Fri Nov  2 17:26:18 2012] [debug] Template "feed/fetch.html.ep" not found.
[Fri Nov  2 17:26:18 2012] [debug] Nothing has been rendered, expecting delayed response.
[Fri Nov  2 17:26:50 2012] [debug] Your secret passphrase needs to be changed!!!
[Fri Nov  2 17:26:50 2012] [debug] GET / (Mozilla/5.0 (X11; Linux x86_64) AppleWebKit/537.4 (KHTML, like Gecko) Chrome/22.0.1229.94 Safari/537.4).
[Fri Nov  2 17:26:50 2012] [debug] Routing to controller "StrikeAlert::Example" and action "welcome".
[Fri Nov  2 17:26:50 2012] [debug] Rendering template "example/welcome.html.ep".
[Fri Nov  2 17:26:50 2012] [debug] Rendering template "layouts/default.html.ep".
[Fri Nov  2 17:26:50 2012] [debug] 200 OK (0.025119s, 39.811/s).
[Fri Nov  2 17:26:54 2012] [debug] GET /fetch (Mozilla/5.0 (X11; Linux x86_64) AppleWebKit/537.4 (KHTML, like Gecko) Chrome/22.0.1229.94 Safari/537.4).
[Fri Nov  2 17:26:54 2012] [debug] Routing to controller "StrikeAlert::Feed" and action "fetch".
[Fri Nov  2 17:26:54 2012] [debug] Template "feed/fetch.html.ep" not found.
[Fri Nov  2 17:26:54 2012] [debug] Nothing has been rendered, expecting delayed response.
[Fri Nov  2 17:27:09 2012] [debug] Inactivity timeout.
[Fri Nov  2 17:27:09 2012] [debug] GET /fetch (Mozilla/5.0 (X11; Linux x86_64) AppleWebKit/537.4 (KHTML, like Gecko) Chrome/22.0.1229.94 Safari/537.4).
[Fri Nov  2 17:27:09 2012] [debug] Routing to controller "StrikeAlert::Feed" and action "fetch".
[Fri Nov  2 17:27:09 2012] [debug] Template "feed/fetch.html.ep" not found.
[Fri Nov  2 17:27:09 2012] [debug] Nothing has been rendered, expecting delayed response.
[Fri Nov  2 17:27:24 2012] [debug] Inactivity timeout.
[Fri Nov  2 17:27:46 2012] [debug] GET /fetch (Mozilla/5.0 (X11; Linux x86_64) AppleWebKit/537.4 (KHTML, like Gecko) Chrome/22.0.1229.94 Safari/537.4).
[Fri Nov  2 17:27:46 2012] [debug] Routing to controller "StrikeAlert::Feed" and action "fetch".
[Fri Nov  2 17:27:47 2012] [debug] Template "feed/fetch.html.ep" not found.
[Fri Nov  2 17:27:47 2012] [debug] Nothing has been rendered, expecting delayed response.
[Fri Nov  2 17:27:51 2012] [debug] GET /fetch/ (Mozilla/5.0 (X11; Linux x86_64) AppleWebKit/537.4 (KHTML, like Gecko) Chrome/22.0.1229.94 Safari/537.4).
[Fri Nov  2 17:27:51 2012] [debug] Routing to controller "StrikeAlert::Feed" and action "fetch".
[Fri Nov  2 17:27:51 2012] [debug] Template "feed/fetch.html.ep" not found.
[Fri Nov  2 17:27:51 2012] [debug] Nothing has been rendered, expecting delayed response.
[Fri Nov  2 17:28:06 2012] [debug] Inactivity timeout.
[Fri Nov  2 17:28:13 2012] [debug] Your secret passphrase needs to be changed!!!
[Fri Nov  2 17:28:13 2012] [debug] GET /fetch/ (Mozilla/5.0 (X11; Linux x86_64) AppleWebKit/537.4 (KHTML, like Gecko) Chrome/22.0.1229.94 Safari/537.4).
[Fri Nov  2 17:28:13 2012] [debug] Routing to controller "StrikeAlert::Feed" and action "fetch".
[Fri Nov  2 17:28:14 2012] [error] $VAR1 = [
          {
            'source_link' => 'http://www.agenciafinanceira.iol.pt/empresas/metro-mts-greve-maquinistas-horas-extraordinarias/1388854-1728.html',
            'description' => "Greve \x{e0}s horas extraordin\x{e1}rias.",
            'end_date' => '2012-11-30 19:52:22',
            'all_day' => bless( do{\(my $o = 1)}, 'Mojo::JSON::_Bool' ),
            'start_date' => '2012-11-01 19:52:12',
            'id' => '183',
            'company' => {
                         'name' => 'Metro Transportes do Sul',
                         'id' => '26'
                       },
            'canceled' => bless( do{\(my $o = 0)}, 'Mojo::JSON::_Bool' ),
            'submitter' => {
                           'last_name' => '',
                           'first_name' => ''
                         }
          },
          {
            'source_link' => 'http://economia.publico.pt/Noticia/greve-pode-afectar-transportes-publicos-rodoviarios-nos-distritos-de-lisboa-e-santarem-a-partir-de-sexta-1568831',
            'description' => "Greve todo o dia.
Empresas afectadas: Barraqueiro Oeste, Barraqueiro Alugueres, Santo Ant\x{f3}nio Barraqueiro, Boa Viagem, Esevel, Rodovi\x{e1}ria da Estremadura, Frota Azul, Mafrense, Ribatejana e Rodovi\x{e1}ria do Tejo. ",
            'end_date' => '2012-11-02 22:48:42',
            'all_day' => $VAR1->[0]{'all_day'},
            'start_date' => '2012-11-01 22:48:40',
            'id' => '177',
            'company' => {
                         'name' => 'Barraqueiro Transportes',
                         'id' => '30'
                       },
            'canceled' => $VAR1->[0]{'canceled'},
            'submitter' => {
                           'last_name' => '',
                           'first_name' => ''
                         }
          },
          {
            'source_link' => 'http://www.fectrans.pt/index.php/component/jevents/detalhesevento/44/-/greve-na-rodoviaria-do-tejo?Itemid=1',
            'description' => "Greve at\x{e9} \x{e0}s 10h da manh\x{e3}.",
            'end_date' => '2012-11-02 22:49:26',
            'all_day' => $VAR1->[0]{'all_day'},
            'start_date' => '2012-11-01 22:49:19',
            'id' => '178',
            'company' => {
                         'name' => "Rodovi\x{e1}ria do Tejo",
                         'id' => '31'
                       },
            'canceled' => $VAR1->[0]{'canceled'},
            'submitter' => {
                           'last_name' => '',
                           'first_name' => ''
                         }
          },
          {
            'source_link' => 'http://cp.pt/cp/displayPage.do?vgnextoid=1c341c639f984010VgnVCM1000007b01a8c0RCRD&contentId=09b2806f27b2a310VgnVCM100000be01a8c0RCRD',
            'description' => "Greve ao trabalho extraordin\x{e1}rio e dias de descanso.",
            'end_date' => '2012-11-07 09:53:29',
            'all_day' => $VAR1->[0]{'all_day'},
            'start_date' => '2012-11-02 09:53:29',
            'id' => '170',
            'company' => {
                         'name' => 'CP',
                         'id' => '1'
                       },
            'canceled' => $VAR1->[0]{'canceled'},
            'submitter' => {
                           'last_name' => '',
                           'first_name' => ''
                         }
          },
          {
            'source_link' => 'http://www.agenciafinanceira.iol.pt/empresas/metro-mts-greve-maquinistas-horas-extraordinarias/1388854-1728.html',
            'description' => 'Greve de 3h no final de cada turno.',
            'end_date' => '2012-11-16 19:54:10',
            'all_day' => $VAR1->[0]{'all_day'},
            'start_date' => '2012-11-12 19:54:05',
            'id' => '184',
            'company' => {
                         'name' => 'Metro Transportes do Sul',
                         'id' => '26'
                       },
            'canceled' => $VAR1->[0]{'canceled'},
            'submitter' => {
                           'last_name' => '',
                           'first_name' => ''
                         }
          },
          {
            'source_link' => 'http://economia.publico.pt/Noticia/cgtp-marca-greve-geral-para-14-de-novembro--1565714',
            'description' => 'Greve geral.',
            'end_date' => '2012-11-14 09:47:49',
            'all_day' => $VAR1->[0]{'all_day'},
            'start_date' => '2012-11-14 09:47:46',
            'id' => '168',
            'company' => {
                         'name' => 'Greve Geral',
                         'id' => '0'
                       },
            'canceled' => $VAR1->[0]{'canceled'},
            'submitter' => {
                           'last_name' => '',
                           'first_name' => ''
                         }
          },
          {
            'source_link' => 'http://www.cmjornal.xl.pt/detalhe/noticias/nacional/economia/greve-na-aviacao-e-aeroportos-a-14-de-novembro',
            'description' => 'Greves no sector.',
            'end_date' => '2012-11-14 12:06:49',
            'all_day' => $VAR1->[0]{'all_day'},
            'start_date' => '2012-11-14 12:06:45',
            'id' => '182',
            'company' => {
                         'name' => "Avia\x{e7}\x{e3}o",
                         'id' => '11'
                       },
            'canceled' => $VAR1->[0]{'canceled'},
            'submitter' => {
                           'last_name' => '',
                           'first_name' => ''
                         }
          },
          {
            'source_link' => 'http://sol.sapo.pt/inicio/Sociedade/Interior.aspx?content_id=61771',
            'description' => 'Greve.',
            'end_date' => '2012-11-14 19:56:43',
            'all_day' => $VAR1->[0]{'all_day'},
            'start_date' => '2012-11-14 19:56:37',
            'id' => '185',
            'company' => {
                         'name' => 'Metro de Lisboa',
                         'id' => '2'
                       },
            'canceled' => $VAR1->[0]{'canceled'},
            'submitter' => {
                           'last_name' => '',
                           'first_name' => ''
                         }
          },
          {
            'source_link' => 'http://www.cmjornal.xl.pt/detalhe/noticias/ultima-hora/stcp-aderem-a-greve-geral',
            'description' => 'Greve.',
            'end_date' => '2012-11-14 19:58:40',
            'all_day' => $VAR1->[0]{'all_day'},
            'start_date' => '2012-11-14 19:58:34',
            'id' => '186',
            'company' => {
                         'name' => 'STCP',
                         'id' => '9'
                       },
            'canceled' => $VAR1->[0]{'canceled'},
            'submitter' => {
                           'last_name' => '',
                           'first_name' => ''
                         }
          },
          {
            'source_link' => 'http://sicnoticias.sapo.pt/economia/2012/11/01/trabalhadores-do-grupo-barraqueiro-em-greve-nos-feriados-a-partir-desta-quinta-feira',
            'description' => "Greves nos feriados. Empresas afectadas: Barraqueiro Oeste, Barraqueiro  Alugueres, Santo Ant\x{f3}nio Barraqueiro, Boa Viagem, Esevel, Rodovi\x{e1}ria da Estremadura, Frota Azul, Mafrense e Ribatejana.",
            'end_date' => '2012-12-01 09:53:09',
            'all_day' => $VAR1->[0]{'all_day'},
            'start_date' => '2012-12-01 09:53:05',
            'id' => '188',
            'company' => {
                         'name' => 'Barraqueiro Transportes',
                         'id' => '30'
                       },
            'canceled' => $VAR1->[0]{'canceled'},
            'submitter' => {
                           'last_name' => '',
                           'first_name' => ''
                         }
          },
          {
            'source_link' => 'http://www.publico.pt/Local/trabalhadores-da-scotturb-marcam-nova-greve-para-4-e-5-de-dezembro-1569518',
            'description' => 'Greve.',
            'end_date' => '2012-12-05 09:48:00',
            'all_day' => $VAR1->[0]{'all_day'},
            'start_date' => '2012-12-04 09:47:58',
            'id' => '187',
            'company' => {
                         'name' => 'SCOTTURB',
                         'id' => '28'
                       },
            'canceled' => $VAR1->[0]{'canceled'},
            'submitter' => {
                           'last_name' => '',
                           'first_name' => ''
                         }
          },
          {
            'source_link' => 'http://sicnoticias.sapo.pt/economia/2012/11/01/trabalhadores-do-grupo-barraqueiro-em-greve-nos-feriados-a-partir-desta-quinta-feira',
            'description' => "Greves nos feriados. Empresas afectadas: Barraqueiro Oeste, Barraqueiro  Alugueres, Santo Ant\x{f3}nio Barraqueiro, Boa Viagem, Esevel, Rodovi\x{e1}ria da Estremadura, Frota Azul, Mafrense e Ribatejana.",
            'end_date' => '2012-12-08 09:54:33',
            'all_day' => $VAR1->[0]{'all_day'},
            'start_date' => '2012-12-08 09:54:31',
            'id' => '189',
            'company' => {
                         'name' => 'Barraqueiro Transportes',
                         'id' => '30'
                       },
            'canceled' => $VAR1->[0]{'canceled'},
            'submitter' => {
                           'last_name' => '',
                           'first_name' => ''
                         }
          }
        ];

[Fri Nov  2 17:28:14 2012] [debug] Template "exception.development.html.ep" not found.
[Fri Nov  2 17:28:14 2012] [debug] Template "exception.html.ep" not found.
[Fri Nov  2 17:28:14 2012] [debug] Rendering inline template.
[Fri Nov  2 17:28:14 2012] [debug] Rendering inline template.
[Fri Nov  2 17:28:14 2012] [debug] 500 Internal Server Error (0.510605s, 1.958/s).
[Fri Nov  2 18:20:53 2012] [debug] Your secret passphrase needs to be changed!!!
[Fri Nov  2 18:20:53 2012] [debug] GET /fetch/ (Mozilla/5.0 (X11; Linux x86_64) AppleWebKit/537.4 (KHTML, like Gecko) Chrome/22.0.1229.94 Safari/537.4).
[Fri Nov  2 18:20:53 2012] [debug] Routing to controller "StrikeAlert::Feed" and action "fetch".
[Fri Nov  2 18:20:54 2012] [debug] Template "feed/fetch.html.ep" not found.
[Fri Nov  2 18:20:54 2012] [debug] Nothing has been rendered, expecting delayed response.
[Fri Nov  2 18:21:09 2012] [debug] Inactivity timeout.
[Fri Nov  2 18:42:08 2012] [debug] Your secret passphrase needs to be changed!!!
[Fri Nov  2 18:42:08 2012] [debug] GET /fetch/ (Mozilla/5.0 (X11; Linux x86_64) AppleWebKit/537.4 (KHTML, like Gecko) Chrome/22.0.1229.94 Safari/537.4).
[Fri Nov  2 18:42:08 2012] [error] Global symbol "$self" requires explicit package name at /home/wanderer/Code/perl/mojolicious/strike_alert/script/../lib/StrikeAlert/Feed.pm line 20.
Global symbol "$self" requires explicit package name at /home/wanderer/Code/perl/mojolicious/strike_alert/script/../lib/StrikeAlert/Feed.pm line 23.
Compilation failed in require at (eval 245) line 1.

[Fri Nov  2 18:42:08 2012] [debug] Template "exception.development.html.ep" not found.
[Fri Nov  2 18:42:08 2012] [debug] Template "exception.html.ep" not found.
[Fri Nov  2 18:42:08 2012] [debug] Rendering inline template.
[Fri Nov  2 18:42:08 2012] [debug] Rendering inline template.
[Fri Nov  2 18:42:08 2012] [debug] 500 Internal Server Error (0.036910s, 27.093/s).
[Fri Nov  2 18:42:38 2012] [debug] Your secret passphrase needs to be changed!!!
[Fri Nov  2 18:42:38 2012] [debug] GET /fetch/ (Mozilla/5.0 (X11; Linux x86_64) AppleWebKit/537.4 (KHTML, like Gecko) Chrome/22.0.1229.94 Safari/537.4).
[Fri Nov  2 18:42:38 2012] [debug] Routing to controller "StrikeAlert::Feed" and action "fetch".
[Fri Nov  2 18:42:39 2012] [debug] 200 OK (1.280808s, 0.781/s).
[Fri Nov  2 18:45:53 2012] [debug] Your secret passphrase needs to be changed!!!
[Fri Nov  2 18:45:53 2012] [debug] GET /fetch/ (Mozilla/5.0 (X11; Linux x86_64) AppleWebKit/537.4 (KHTML, like Gecko) Chrome/22.0.1229.94 Safari/537.4).
[Fri Nov  2 18:45:53 2012] [debug] Routing to controller "StrikeAlert::Feed" and action "fetch".
[Fri Nov  2 18:45:59 2012] [error] $VAR1 = undef;
$VAR2 = undef;

[Fri Nov  2 18:45:59 2012] [debug] Template "exception.development.html.ep" not found.
[Fri Nov  2 18:45:59 2012] [debug] Template "exception.html.ep" not found.
[Fri Nov  2 18:45:59 2012] [debug] Rendering inline template.
[Fri Nov  2 18:45:59 2012] [debug] Rendering inline template.
[Fri Nov  2 18:45:59 2012] [debug] 500 Internal Server Error (5.313320s, 0.188/s).
[Fri Nov  2 18:46:16 2012] [debug] GET /fetch/ (Mozilla/5.0 (X11; Linux x86_64) AppleWebKit/537.4 (KHTML, like Gecko) Chrome/22.0.1229.94 Safari/537.4).
[Fri Nov  2 18:46:16 2012] [debug] Routing to controller "StrikeAlert::Feed" and action "fetch".
[Fri Nov  2 18:46:16 2012] [error] $VAR1 = 'abc';
$VAR2 = undef;

[Fri Nov  2 18:46:16 2012] [debug] Template "exception.development.html.ep" not found.
[Fri Nov  2 18:46:16 2012] [debug] Template "exception.html.ep" not found.
[Fri Nov  2 18:46:16 2012] [debug] Rendering cached inline template.
[Fri Nov  2 18:46:16 2012] [debug] Rendering cached inline template.
[Fri Nov  2 18:46:16 2012] [debug] 500 Internal Server Error (0.206968s, 4.832/s).
[Fri Nov  2 19:30:30 2012] [debug] Your secret passphrase needs to be changed!!!
[Fri Nov  2 19:30:30 2012] [debug] GET /fetch/ (Mozilla/5.0 (X11; Linux x86_64) AppleWebKit/537.4 (KHTML, like Gecko) Chrome/22.0.1229.94 Safari/537.4).
[Fri Nov  2 19:30:30 2012] [debug] Routing to controller "StrikeAlert::Feed" and action "fetch".
[Fri Nov  2 19:30:31 2012] [error] $VAR1 = 'abc';
$VAR2 = 'description';

[Fri Nov  2 19:30:31 2012] [debug] Template "exception.development.html.ep" not found.
[Fri Nov  2 19:30:31 2012] [debug] Template "exception.html.ep" not found.
[Fri Nov  2 19:30:31 2012] [debug] Rendering inline template.
[Fri Nov  2 19:30:31 2012] [debug] Rendering inline template.
[Fri Nov  2 19:30:31 2012] [debug] 500 Internal Server Error (1.456707s, 0.686/s).
[Fri Nov  2 19:36:47 2012] [debug] Your secret passphrase needs to be changed!!!
[Fri Nov  2 19:36:47 2012] [debug] GET /fetch/ (Mozilla/5.0 (X11; Linux x86_64) AppleWebKit/537.4 (KHTML, like Gecko) Chrome/22.0.1229.94 Safari/537.4).
[Fri Nov  2 19:36:47 2012] [debug] Routing to controller "StrikeAlert::Feed" and action "fetch".
[Fri Nov  2 19:36:48 2012] [debug] 200 OK (0.295271s, 3.387/s).
[Fri Nov  2 19:36:55 2012] [debug] GET /fetch/ (Mozilla/5.0 (X11; Linux x86_64) AppleWebKit/537.4 (KHTML, like Gecko) Chrome/22.0.1229.94 Safari/537.4).
[Fri Nov  2 19:36:55 2012] [debug] Routing to controller "StrikeAlert::Feed" and action "fetch".
[Fri Nov  2 19:36:56 2012] [debug] 200 OK (0.171874s, 5.818/s).
[Fri Nov  2 19:37:01 2012] [debug] GET /fetch/ (Mozilla/5.0 (X11; Linux x86_64) AppleWebKit/537.4 (KHTML, like Gecko) Chrome/22.0.1229.94 Safari/537.4).
[Fri Nov  2 19:37:01 2012] [debug] Routing to controller "StrikeAlert::Feed" and action "fetch".
[Fri Nov  2 19:37:01 2012] [debug] 200 OK (0.473334s, 2.113/s).
[Fri Nov  2 19:37:34 2012] [debug] Your secret passphrase needs to be changed!!!
[Fri Nov  2 19:37:34 2012] [debug] GET /fetch/ (Mozilla/5.0 (X11; Linux x86_64) AppleWebKit/537.4 (KHTML, like Gecko) Chrome/22.0.1229.94 Safari/537.4).
[Fri Nov  2 19:37:34 2012] [debug] Routing to controller "StrikeAlert::Feed" and action "fetch".
[Fri Nov  2 19:37:36 2012] [debug] 200 OK (1.419109s, 0.705/s).
[Fri Nov  2 19:37:43 2012] [debug] GET /fetch/ (Mozilla/5.0 (X11; Linux x86_64) AppleWebKit/537.4 (KHTML, like Gecko) Chrome/22.0.1229.94 Safari/537.4).
[Fri Nov  2 19:37:43 2012] [debug] Routing to controller "StrikeAlert::Feed" and action "fetch".
[Fri Nov  2 19:37:43 2012] [debug] 200 OK (0.347400s, 2.879/s).
[Fri Nov  2 19:39:42 2012] [debug] GET /fetch/ (Mozilla/5.0 (X11; Linux x86_64) AppleWebKit/537.4 (KHTML, like Gecko) Chrome/22.0.1229.94 Safari/537.4).
[Fri Nov  2 19:39:42 2012] [debug] Routing to controller "StrikeAlert::Feed" and action "fetch".
[Fri Nov  2 19:39:42 2012] [debug] 200 OK (0.334127s, 2.993/s).
[Fri Nov  2 19:40:15 2012] [debug] Your secret passphrase needs to be changed!!!
[Fri Nov  2 19:40:15 2012] [debug] GET /fetch/ (Mozilla/5.0 (X11; Linux x86_64) AppleWebKit/537.4 (KHTML, like Gecko) Chrome/22.0.1229.94 Safari/537.4).
[Fri Nov  2 19:40:15 2012] [debug] Routing to controller "StrikeAlert::Feed" and action "fetch".
[Fri Nov  2 19:40:15 2012] [debug] 200 OK (0.381666s, 2.620/s).
[Fri Nov  2 19:45:49 2012] [debug] GET /fetch/ (Mozilla/5.0 (X11; Linux x86_64) AppleWebKit/537.4 (KHTML, like Gecko) Chrome/22.0.1229.94 Safari/537.4).
[Fri Nov  2 19:45:49 2012] [debug] Routing to controller "StrikeAlert::Feed" and action "fetch".
[Fri Nov  2 19:45:49 2012] [debug] 200 OK (0.278531s, 3.590/s).
[Fri Nov  2 20:06:09 2012] [debug] Your secret passphrase needs to be changed!!!
[Fri Nov  2 20:06:09 2012] [debug] GET /fetch/ (Mozilla/5.0 (X11; Linux x86_64) AppleWebKit/537.4 (KHTML, like Gecko) Chrome/22.0.1229.94 Safari/537.4).
[Fri Nov  2 20:06:09 2012] [debug] Routing to controller "StrikeAlert::Feed" and action "fetch".
[Fri Nov  2 20:06:14 2012] [debug] 200 OK (5.305690s, 0.188/s).
[Fri Nov  2 20:06:45 2012] [debug] GET /fetch/ (Mozilla/5.0 (X11; Linux x86_64) AppleWebKit/537.4 (KHTML, like Gecko) Chrome/22.0.1229.94 Safari/537.4).
[Fri Nov  2 20:06:45 2012] [debug] Routing to controller "StrikeAlert::Feed" and action "fetch".
[Fri Nov  2 20:06:45 2012] [debug] 200 OK (0.181289s, 5.516/s).
[Fri Nov  2 20:13:06 2012] [debug] Your secret passphrase needs to be changed!!!
[Fri Nov  2 20:13:06 2012] [debug] GET /fetch/ (Mozilla/5.0 (X11; Linux x86_64) AppleWebKit/537.4 (KHTML, like Gecko) Chrome/22.0.1229.94 Safari/537.4).
[Fri Nov  2 20:13:06 2012] [debug] Routing to controller "StrikeAlert::Feed" and action "fetch".
[Fri Nov  2 20:13:07 2012] [debug] 200 OK (0.372234s, 2.686/s).
[Fri Nov  2 20:15:17 2012] [info] Listening at "http://*:3000".
[Fri Nov  2 20:15:20 2012] [debug] Your secret passphrase needs to be changed!!!
[Fri Nov  2 20:15:20 2012] [debug] GET /fetch/ (Mozilla/5.0 (X11; Linux x86_64) AppleWebKit/537.4 (KHTML, like Gecko) Chrome/22.0.1229.94 Safari/537.4).
[Fri Nov  2 20:15:20 2012] [debug] Routing to controller "StrikeAlert::Feed" and action "fetch".
[Fri Nov  2 20:15:24 2012] [debug] 200 OK (3.390409s, 0.295/s).
[Fri Nov  2 20:38:30 2012] [debug] GET /fetch/ (Mozilla/5.0 (X11; Linux x86_64) AppleWebKit/537.4 (KHTML, like Gecko) Chrome/22.0.1229.94 Safari/537.4).
[Fri Nov  2 20:38:30 2012] [debug] Routing to controller "StrikeAlert::Feed" and action "fetch".
[Fri Nov  2 20:38:31 2012] [debug] 200 OK (0.644942s, 1.551/s).
[Fri Nov  2 20:54:31 2012] [debug] GET /fetch/ (Mozilla/5.0 (X11; Linux x86_64) AppleWebKit/537.4 (KHTML, like Gecko) Chrome/22.0.1229.94 Safari/537.4).
[Fri Nov  2 20:54:31 2012] [debug] Routing to controller "StrikeAlert::Feed" and action "fetch".
[Fri Nov  2 20:54:31 2012] [debug] Template "feed/fetch.html.ep" not found.
[Fri Nov  2 20:54:31 2012] [debug] Template "feed/fetch.html.ep" not found.
[Fri Nov  2 20:54:31 2012] [debug] Nothing has been rendered, expecting delayed response.
